<?xml version="1.0" encoding="UTF-8"?>
<!-- Generated by org.testng.reporters.JUnitXMLReporter -->
<testsuite ignored="0" hostname="DESKTOP-OFMSG0D" failures="0" tests="4" name="UsersModule" time="11.936" errors="0" timestamp="2024-11-11T21:13:26 IST">
  <testcase classname="api.test.UserTests" name="testPostCreateUser" time="4.091"/>
  <testcase classname="api.test.UserTests" name="testGetUserDetails" time="2.185"/>
  <testcase classname="api.test.UserTests" name="testUpdateUser" time="2.53"/>
  <testcase classname="api.test.UserTests" name="testDeletUser" time="1.328"/>
</testsuite> <!-- UsersModule -->
