<?xml version="1.0" encoding="UTF-8"?>
<testng-results ignored="0" total="1" passed="1" failed="0" skipped="0">
  <reporter-output>
  </reporter-output>
  <suite started-at="2026-01-07T13:21:15 IST" name="Default suite" finished-at="2026-01-07T13:21:19 IST" duration-ms="3925">
    <groups>
    </groups>
    <test started-at="2026-01-07T13:21:15 IST" name="Default test" finished-at="2026-01-07T13:21:19 IST" duration-ms="3925">
      <class name="DAY_6.JSONSchemaValidation">
        <test-method signature="jsonscheavlidation()[pri:0, instance:DAY_6.JSONSchemaValidation@1de76cc7]" started-at="2026-01-07T13:21:15 IST" name="jsonscheavlidation" finished-at="2026-01-07T13:21:19 IST" duration-ms="3865" status="PASS">
          <reporter-output>
          </reporter-output>
        </test-method> <!-- jsonscheavlidation -->
      </class> <!-- DAY_6.JSONSchemaValidation -->
    </test> <!-- Default test -->
  </suite> <!-- Default suite -->
</testng-results>
