<?xml version="1.0" encoding="UTF-8"?>
<testng-results ignored="0" total="2" passed="2" failed="0" skipped="0">
  <reporter-output>
  </reporter-output>
  <suite started-at="2025-01-09T23:08:48 IST" name="Default suite" finished-at="2025-01-09T23:08:55 IST" duration-ms="6941">
    <groups>
    </groups>
    <test started-at="2025-01-09T23:08:48 IST" name="Default test" finished-at="2025-01-09T23:08:55 IST" duration-ms="6941">
      <class name="Test.Base">
        <test-method signature="BaseTest()[pri:0, instance:Test.Base@662b4c69]" started-at="2025-01-09T23:08:49 IST" name="BaseTest" finished-at="2025-01-09T23:08:53 IST" duration-ms="4799" status="PASS">
          <reporter-output>
          </reporter-output>
        </test-method> <!-- BaseTest -->
        <test-method signature="PostRequest()[pri:1, instance:Test.Base@662b4c69]" started-at="2025-01-09T23:08:53 IST" name="PostRequest" finished-at="2025-01-09T23:08:55 IST" duration-ms="2051" status="PASS">
          <reporter-output>
          </reporter-output>
        </test-method> <!-- PostRequest -->
      </class> <!-- Test.Base -->
    </test> <!-- Default test -->
  </suite> <!-- Default suite -->
</testng-results>
