<?xml version="1.0" encoding="UTF-8"?>
<!-- Generated by org.testng.reporters.JUnitReportReporter -->
<testsuite hostname="DESKTOP-5HJF4BI" failures="0" tests="2" name="DAY_7.Authentication" time="6.330" errors="0" timestamp="2026-01-05T16:20:11 IST" skipped="0">
  <testcase classname="DAY_7.Authentication" name="testBasicAuthentication" time="6.283"/>
  <system-out/>
  <testcase classname="DAY_7.Authentication" name="testApiKeyAuthentication" time="0.047"/>
  <system-out/>
</testsuite> <!-- DAY_7.Authentication -->
