<?xml version="1.0" encoding="UTF-8"?>
<!-- Generated by org.testng.reporters.JUnitReportReporter -->
<testsuite hostname="DESKTOP-5HJF4BI" failures="0" tests="4" name="Day_1.baisc" time="10.293" errors="0" timestamp="2025-01-09T22:36:48 IST" skipped="0">
  <testcase classname="Day_1.baisc" name="getuser2" time="7.624"/>
  <system-out/>
  <testcase classname="Day_1.baisc" name="createuser" time="1.388"/>
  <system-out/>
  <testcase classname="Day_1.baisc" name="updateruser" time="0.639"/>
  <system-out/>
  <testcase classname="Day_1.baisc" name="DeleteUser" time="0.642"/>
  <system-out/>
</testsuite> <!-- Day_1.baisc -->
